<?xml version="1.0" encoding="UTF-8"?>
<testsuite name="MirrorTest" tests="1" skipped="0" failures="0" errors="0" timestamp="2025-05-25T20:09:44" hostname="EVERIENCE" time="0.057">
  <properties/>
  <testcase name="start" classname="MirrorTest" time="0.057"/>
  <system-out><![CDATA[?[1;31m
Start test 1?[0m
                    _______ 
                   < hello >
                    ------- 
            ^__^   /        
    _______/(oo)  /         
/\/(       /(__)            
   | w----||                
   ||     ||                

]]></system-out>
  <system-err><![CDATA[]]></system-err>
</testsuite>
